2021-10-06 14:28:31,932: INFO [/usr/lib/python3/dist-packages/django/utils/autoreload.py: run_with_reloader:597], django.utils.autoreload, autoreload, 3015, 140275456075584, Watching for file changes with StatReloader
2021-10-06 14:33:17,646: INFO [/usr/lib/python3/dist-packages/django/utils/autoreload.py: trigger_reload:217], django.utils.autoreload, autoreload, 3015, 140275456075584, /home/kali/Projects/Python_Projects/justice_law_office_django/parents/parent.py changed, reloading.
2021-10-06 14:33:19,023: INFO [/usr/lib/python3/dist-packages/django/utils/autoreload.py: run_with_reloader:597], django.utils.autoreload, autoreload, 3129, 139677044041536, Watching for file changes with StatReloader
2021-10-06 14:34:19,387: INFO [/usr/lib/python3/dist-packages/django/utils/autoreload.py: run_with_reloader:597], django.utils.autoreload, autoreload, 3166, 140682233337664, Watching for file changes with StatReloader
2021-10-06 14:34:52,118: INFO [/usr/lib/python3/dist-packages/django/utils/autoreload.py: trigger_reload:217], django.utils.autoreload, autoreload, 3166, 140682233337664, /home/kali/Projects/Python_Projects/justice_law_office_django/parents/parent.py changed, reloading.
2021-10-06 14:34:53,626: INFO [/usr/lib/python3/dist-packages/django/utils/autoreload.py: run_with_reloader:597], django.utils.autoreload, autoreload, 3183, 140451313448768, Watching for file changes with StatReloader
2021-10-06 14:34:57,902: INFO [/usr/lib/python3/dist-packages/django/utils/autoreload.py: run_with_reloader:597], django.utils.autoreload, autoreload, 3191, 139947486144320, Watching for file changes with StatReloader
2021-10-06 14:35:12,393: INFO [/usr/lib/python3/dist-packages/django/utils/autoreload.py: trigger_reload:217], django.utils.autoreload, autoreload, 3191, 139947486144320, /home/kali/Projects/Python_Projects/justice_law_office_django/parents/parent.py changed, reloading.
2021-10-06 14:35:14,054: INFO [/usr/lib/python3/dist-packages/django/utils/autoreload.py: run_with_reloader:597], django.utils.autoreload, autoreload, 3199, 140132574639936, Watching for file changes with StatReloader
2021-10-06 14:35:43,971: INFO [/usr/lib/python3/dist-packages/django/utils/autoreload.py: trigger_reload:217], django.utils.autoreload, autoreload, 3199, 140132574639936, /home/kali/Projects/Python_Projects/justice_law_office_django/clients/models.py changed, reloading.
2021-10-06 14:35:45,477: INFO [/usr/lib/python3/dist-packages/django/utils/autoreload.py: run_with_reloader:597], django.utils.autoreload, autoreload, 3219, 139843584730944, Watching for file changes with StatReloader
2021-10-06 14:36:25,994: INFO [/usr/lib/python3/dist-packages/django/utils/autoreload.py: trigger_reload:217], django.utils.autoreload, autoreload, 3219, 139843584730944, /home/kali/Projects/Python_Projects/justice_law_office_django/clients/forms.py changed, reloading.
2021-10-06 14:36:27,528: INFO [/usr/lib/python3/dist-packages/django/utils/autoreload.py: run_with_reloader:597], django.utils.autoreload, autoreload, 3253, 139945290917696, Watching for file changes with StatReloader
2021-10-06 14:42:59,452: WARNING [/usr/lib/python3/dist-packages/django/utils/log.py: log_response:222], django.request, log, 3253, 139945173219072, Not Found: /dist/images/profile-12.jpg
2021-10-06 14:42:59,487: WARNING [/usr/lib/python3/dist-packages/django/utils/log.py: log_response:222], django.request, log, 3253, 139945164039936, Not Found: /dist/images/profile-9.jpg
2021-10-06 14:42:59,544: WARNING [/usr/lib/python3/dist-packages/django/utils/log.py: log_response:222], django.request, log, 3253, 139945146730240, Not Found: /dist/images/profile-11.jpg
2021-10-06 14:42:59,518: WARNING [/usr/lib/python3/dist-packages/django/utils/log.py: log_response:222], django.request, log, 3253, 139945155122944, Not Found: /dist/images/profile-2.jpg
2021-10-06 14:42:59,509: WARNING [/usr/lib/python3/dist-packages/django/utils/log.py: log_response:222], django.request, log, 3253, 139944790058752, Not Found: /dist/images/preview-5.jpg
2021-10-06 14:42:59,571: WARNING [/usr/lib/python3/dist-packages/django/utils/log.py: log_response:222], django.request, log, 3253, 139944798451456, Not Found: /dist/images/preview-2.jpg
2021-10-06 14:42:59,604: WARNING [/usr/lib/python3/dist-packages/django/utils/log.py: log_response:222], django.request, log, 3253, 139945173219072, Not Found: /dist/images/preview-13.jpg
2021-10-06 14:42:59,621: WARNING [/usr/lib/python3/dist-packages/django/utils/log.py: log_response:222], django.request, log, 3253, 139945164039936, Not Found: /dist/images/preview-9.jpg
2021-10-06 14:42:59,680: WARNING [/usr/lib/python3/dist-packages/django/utils/log.py: log_response:222], django.request, log, 3253, 139945173219072, Not Found: /dist/images/profile-6.jpg
2021-10-06 14:42:59,727: WARNING [/usr/lib/python3/dist-packages/django/utils/log.py: log_response:222], django.request, log, 3253, 139944790058752, Not Found: /dist/images/preview-11.jpg
2021-10-06 14:42:59,734: WARNING [/usr/lib/python3/dist-packages/django/utils/log.py: log_response:222], django.request, log, 3253, 139944798451456, Not Found: /dist/images/profile-14.jpg
2021-10-06 14:42:59,797: WARNING [/usr/lib/python3/dist-packages/django/utils/log.py: log_response:222], django.request, log, 3253, 139945155122944, Not Found: /dist/images/preview-1.jpg
2021-10-06 14:42:59,807: WARNING [/usr/lib/python3/dist-packages/django/utils/log.py: log_response:222], django.request, log, 3253, 139945164039936, Not Found: /dist/images/preview-15.jpg
2021-10-06 14:42:59,817: WARNING [/usr/lib/python3/dist-packages/django/utils/log.py: log_response:222], django.request, log, 3253, 139944790058752, Not Found: /dist/images/preview-8.jpg
2021-10-06 14:42:59,821: WARNING [/usr/lib/python3/dist-packages/django/utils/log.py: log_response:222], django.request, log, 3253, 139944798451456, Not Found: /dist/images/preview-3.jpg
2021-10-06 14:42:59,909: WARNING [/usr/lib/python3/dist-packages/django/utils/log.py: log_response:222], django.request, log, 3253, 139945155122944, Not Found: /dist/images/preview-12.jpg
2021-10-06 14:42:59,976: WARNING [/usr/lib/python3/dist-packages/django/utils/log.py: log_response:222], django.request, log, 3253, 139945146730240, Not Found: /dist/images/profile-3.jpg
2021-10-06 14:43:00,016: WARNING [/usr/lib/python3/dist-packages/django/utils/log.py: log_response:222], django.request, log, 3253, 139945164039936, Not Found: /dist/images/profile-4.jpg
2021-10-06 14:43:01,217: WARNING [/usr/lib/python3/dist-packages/django/utils/log.py: log_response:222], django.request, log, 3253, 139945173219072, Not Found: /dist/json/location.json
2021-10-06 14:43:03,269: INFO [/home/kali/Projects/Python_Projects/justice_law_office_django/clients/views.py: justice_clients_all:45], clients.views, views, 3253, 139945173219072, Getting Clients Page...
2021-10-06 14:43:03,551: INFO [/home/kali/Projects/Python_Projects/justice_law_office_django/clients/views.py: justice_clients:113], clients.views, views, 3253, 139945173219072, Page list of 'Clients'.
2021-10-06 14:43:03,898: WARNING [/usr/lib/python3/dist-packages/django/utils/log.py: log_response:222], django.request, log, 3253, 139945173219072, Not Found: /clients/page/1/city/all/search/dist/images/profile-9.jpg
2021-10-06 14:43:05,328: INFO [/home/kali/Projects/Python_Projects/justice_law_office_django/adversaires/views.py: justice_adversaires:111], adversaires.views, views, 3253, 139945173219072, Page list of 'Adversaires'.
2021-10-06 14:43:05,548: WARNING [/usr/lib/python3/dist-packages/django/utils/log.py: log_response:222], django.request, log, 3253, 139945173219072, Not Found: /adversaires/page/1/city/all/search/dist/images/profile-9.jpg
2021-10-06 14:43:06,953: INFO [/home/kali/Projects/Python_Projects/justice_law_office_django/adversaires/views.py: justice_avocats_adversaires:280], adversaires.views, views, 3253, 139945173219072, Page list of Avocats adversaires.
2021-10-06 14:43:07,187: WARNING [/usr/lib/python3/dist-packages/django/utils/log.py: log_response:222], django.request, log, 3253, 139945173219072, Not Found: /avocats_adversaires/page/1/city/all/search/dist/images/profile-9.jpg
2021-10-06 14:53:27,332: INFO [/home/kali/Projects/Python_Projects/justice_law_office_django/adversaires/views.py: justice_avocats_adversaires:280], adversaires.views, views, 3253, 139945173219072, Page list of Avocats adversaires.
2021-10-06 14:53:27,695: WARNING [/usr/lib/python3/dist-packages/django/utils/log.py: log_response:222], django.request, log, 3253, 139945173219072, Not Found: /avocats_adversaires/page/1/city/all/search/dist/images/profile-9.jpg
2021-10-06 14:56:26,265: INFO [/home/kali/Projects/Python_Projects/justice_law_office_django/adversaires/views.py: justice_avocats_adversaires:280], adversaires.views, views, 3253, 139945173219072, Page list of Avocats adversaires.
2021-10-06 14:56:26,561: WARNING [/usr/lib/python3/dist-packages/django/utils/log.py: log_response:222], django.request, log, 3253, 139945173219072, Not Found: /avocats_adversaires/page/1/city/all/search/dist/images/profile-9.jpg
2021-10-06 15:00:26,928: INFO [/home/kali/Projects/Python_Projects/justice_law_office_django/adversaires/views.py: justice_avocats_adversaires:280], adversaires.views, views, 3253, 139945173219072, Page list of Avocats adversaires.
2021-10-06 15:00:27,357: WARNING [/usr/lib/python3/dist-packages/django/utils/log.py: log_response:222], django.request, log, 3253, 139945173219072, Not Found: /avocats_adversaires/page/1/city/all/search/dist/images/profile-9.jpg
2021-10-06 15:01:46,563: INFO [/home/kali/Projects/Python_Projects/justice_law_office_django/adversaires/views.py: justice_avocats_adversaires:280], adversaires.views, views, 3253, 139945173219072, Page list of Avocats adversaires.
2021-10-06 15:01:46,951: WARNING [/usr/lib/python3/dist-packages/django/utils/log.py: log_response:222], django.request, log, 3253, 139945173219072, Not Found: /avocats_adversaires/page/1/city/all/search/dist/images/profile-9.jpg
2021-10-06 15:03:24,998: INFO [/home/kali/Projects/Python_Projects/justice_law_office_django/adversaires/views.py: justice_avocats_adversaires:280], adversaires.views, views, 3253, 139945173219072, Page list of Avocats adversaires.
2021-10-06 15:03:25,256: WARNING [/usr/lib/python3/dist-packages/django/utils/log.py: log_response:222], django.request, log, 3253, 139945173219072, Not Found: /avocats_adversaires/page/1/city/all/search/dist/images/profile-9.jpg
2021-10-06 15:03:31,943: INFO [/home/kali/Projects/Python_Projects/justice_law_office_django/adversaires/views.py: justice_adversaires:111], adversaires.views, views, 3253, 139945173219072, Page list of 'Adversaires'.
2021-10-06 15:03:32,188: WARNING [/usr/lib/python3/dist-packages/django/utils/log.py: log_response:222], django.request, log, 3253, 139945173219072, Not Found: /adversaires/page/1/city/all/search/dist/images/profile-9.jpg
2021-10-06 15:08:20,982: INFO [/usr/lib/python3/dist-packages/django/utils/autoreload.py: trigger_reload:217], django.utils.autoreload, autoreload, 3253, 139945290917696, /home/kali/Projects/Python_Projects/justice_law_office_django/adversaires/models.py changed, reloading.
2021-10-06 15:08:22,101: INFO [/usr/lib/python3/dist-packages/django/utils/autoreload.py: run_with_reloader:597], django.utils.autoreload, autoreload, 3786, 140179087701824, Watching for file changes with StatReloader
2021-10-06 15:52:07,351: INFO [/home/kali/Projects/Python_Projects/justice_law_office_django/adversaires/views.py: justice_adversaires:111], adversaires.views, views, 3786, 140178970003200, Page list of 'Adversaires'.
2021-10-06 15:52:07,718: WARNING [/usr/lib/python3/dist-packages/django/utils/log.py: log_response:222], django.request, log, 3786, 140178970003200, Not Found: /adversaires/page/1/city/all/search/dist/images/profile-9.jpg
2021-10-06 15:52:13,603: INFO [/home/kali/Projects/Python_Projects/justice_law_office_django/adversaires/views.py: justice_avocats_adversaires:280], adversaires.views, views, 3786, 140178970003200, Page list of Avocats adversaires.
2021-10-06 15:52:13,793: WARNING [/usr/lib/python3/dist-packages/django/utils/log.py: log_response:222], django.request, log, 3786, 140178970003200, Not Found: /avocats_adversaires/page/1/city/all/search/dist/images/profile-9.jpg
2021-10-06 15:55:15,518: INFO [/usr/lib/python3/dist-packages/django/utils/autoreload.py: trigger_reload:217], django.utils.autoreload, autoreload, 3786, 140179087701824, /home/kali/Projects/Python_Projects/justice_law_office_django/justice/urls.py changed, reloading.
2021-10-06 15:55:16,631: INFO [/usr/lib/python3/dist-packages/django/utils/autoreload.py: run_with_reloader:597], django.utils.autoreload, autoreload, 5106, 140269094913856, Watching for file changes with StatReloader
2021-10-06 15:56:21,030: INFO [/usr/lib/python3/dist-packages/django/utils/autoreload.py: trigger_reload:217], django.utils.autoreload, autoreload, 5106, 140269094913856, /home/kali/Projects/Python_Projects/justice_law_office_django/affaires/views.py changed, reloading.
2021-10-06 15:56:22,349: INFO [/usr/lib/python3/dist-packages/django/utils/autoreload.py: run_with_reloader:597], django.utils.autoreload, autoreload, 5141, 139718805542720, Watching for file changes with StatReloader
2021-10-06 15:58:49,213: INFO [/usr/lib/python3/dist-packages/django/utils/autoreload.py: trigger_reload:217], django.utils.autoreload, autoreload, 5141, 139718805542720, /home/kali/Projects/Python_Projects/justice_law_office_django/affaires/views.py changed, reloading.
2021-10-06 15:58:50,998: INFO [/usr/lib/python3/dist-packages/django/utils/autoreload.py: run_with_reloader:597], django.utils.autoreload, autoreload, 5202, 140404636522304, Watching for file changes with StatReloader
2021-10-06 16:01:11,348: INFO [/usr/lib/python3/dist-packages/django/utils/autoreload.py: trigger_reload:217], django.utils.autoreload, autoreload, 5202, 140404636522304, /home/kali/Projects/Python_Projects/justice_law_office_django/affaires/views.py changed, reloading.
2021-10-06 16:01:12,456: INFO [/usr/lib/python3/dist-packages/django/utils/autoreload.py: run_with_reloader:597], django.utils.autoreload, autoreload, 5813, 139693757769536, Watching for file changes with StatReloader
2021-10-06 16:01:57,624: INFO [/usr/lib/python3/dist-packages/django/utils/autoreload.py: trigger_reload:217], django.utils.autoreload, autoreload, 5813, 139693757769536, /home/kali/Projects/Python_Projects/justice_law_office_django/affaires/views.py changed, reloading.
2021-10-06 16:01:58,781: INFO [/usr/lib/python3/dist-packages/django/utils/autoreload.py: run_with_reloader:597], django.utils.autoreload, autoreload, 5851, 140573632890688, Watching for file changes with StatReloader
2021-10-06 16:02:38,439: INFO [/usr/lib/python3/dist-packages/django/utils/autoreload.py: trigger_reload:217], django.utils.autoreload, autoreload, 5851, 140573632890688, /home/kali/Projects/Python_Projects/justice_law_office_django/affaires/views.py changed, reloading.
2021-10-06 16:02:39,914: INFO [/usr/lib/python3/dist-packages/django/utils/autoreload.py: run_with_reloader:597], django.utils.autoreload, autoreload, 5873, 140140051810112, Watching for file changes with StatReloader
2021-10-06 16:04:46,719: INFO [/usr/lib/python3/dist-packages/django/utils/autoreload.py: trigger_reload:217], django.utils.autoreload, autoreload, 5873, 140140051810112, /home/kali/Projects/Python_Projects/justice_law_office_django/affaires/views.py changed, reloading.
2021-10-06 16:04:47,837: INFO [/usr/lib/python3/dist-packages/django/utils/autoreload.py: run_with_reloader:597], django.utils.autoreload, autoreload, 5891, 139877399349056, Watching for file changes with StatReloader
2021-10-06 16:15:13,688: INFO [/usr/lib/python3/dist-packages/django/utils/autoreload.py: run_with_reloader:597], django.utils.autoreload, autoreload, 6100, 140706549819200, Watching for file changes with StatReloader
2021-10-06 16:15:58,733: INFO [/usr/lib/python3/dist-packages/django/utils/autoreload.py: trigger_reload:217], django.utils.autoreload, autoreload, 6100, 140706549819200, /home/kali/Projects/Python_Projects/justice_law_office_django/justice_law_office/settings.py changed, reloading.
2021-10-06 16:16:00,185: INFO [/usr/lib/python3/dist-packages/django/utils/autoreload.py: run_with_reloader:597], django.utils.autoreload, autoreload, 6178, 139862831699776, Watching for file changes with StatReloader
2021-10-06 16:16:07,965: INFO [/home/kali/Projects/Python_Projects/justice_law_office_django/adversaires/views.py: justice_avocats_adversaires:280], adversaires.views, views, 6178, 139862714001152, Page list of Avocats adversaires.
2021-10-06 16:16:08,432: WARNING [/usr/lib/python3/dist-packages/django/utils/log.py: log_response:222], django.request, log, 6178, 139862714001152, Not Found: /avocats_adversaires/page/1/city/all/search/dist/images/profile-9.jpg
2021-10-06 16:16:10,297: INFO [/home/kali/Projects/Python_Projects/justice_law_office_django/adversaires/views.py: justice_adversaires:111], adversaires.views, views, 6178, 139862714001152, Page list of 'Adversaires'.
2021-10-06 16:16:10,534: WARNING [/usr/lib/python3/dist-packages/django/utils/log.py: log_response:222], django.request, log, 6178, 139862714001152, Not Found: /adversaires/page/1/city/all/search/dist/images/profile-9.jpg
2021-10-06 16:16:12,429: INFO [/home/kali/Projects/Python_Projects/justice_law_office_django/adversaires/views.py: adversaire_form:173], adversaires.views, views, 6178, 139862714001152, Page Creating of 'Adversaire'
2021-10-06 16:16:12,953: WARNING [/usr/lib/python3/dist-packages/django/utils/log.py: log_response:222], django.request, log, 6178, 139862714001152, Not Found: /adversaires/dist/images/profile-9.jpg
2021-10-06 16:16:22,280: INFO [/home/kali/Projects/Python_Projects/justice_law_office_django/adversaires/views.py: justice_adversaires:111], adversaires.views, views, 6178, 139862714001152, Page list of 'Adversaires'.
2021-10-06 16:16:22,518: WARNING [/usr/lib/python3/dist-packages/django/utils/log.py: log_response:222], django.request, log, 6178, 139862714001152, Not Found: /adversaires/page/1/city/all/search/dist/images/profile-9.jpg
2021-10-06 16:16:24,416: INFO [/home/kali/Projects/Python_Projects/justice_law_office_django/adversaires/views.py: adversaire_form:173], adversaires.views, views, 6178, 139862714001152, Page Creating of 'Adversaire'
2021-10-06 16:16:24,758: WARNING [/usr/lib/python3/dist-packages/django/utils/log.py: log_response:222], django.request, log, 6178, 139862714001152, Not Found: /adversaires/1/dist/images/profile-9.jpg
2021-10-06 16:16:43,492: INFO [/home/kali/Projects/Python_Projects/justice_law_office_django/adversaires/views.py: adversaire_form:161], adversaires.views, views, 6178, 139862714001152, 'BOULAMIN Ahmed' Adversaire has been Updated.
2021-10-06 16:16:43,567: INFO [/home/kali/Projects/Python_Projects/justice_law_office_django/adversaires/views.py: justice_adversaires:111], adversaires.views, views, 6178, 139862714001152, Page list of 'Adversaires'.
2021-10-06 16:16:43,991: WARNING [/usr/lib/python3/dist-packages/django/utils/log.py: log_response:222], django.request, log, 6178, 139862714001152, Not Found: /adversaires/page/1/city/all/search/dist/images/profile-9.jpg
2021-10-06 16:19:59,995: INFO [/usr/lib/python3/dist-packages/django/utils/autoreload.py: trigger_reload:217], django.utils.autoreload, autoreload, 6178, 139862831699776, /home/kali/Projects/Python_Projects/justice_law_office_django/affaires/urls.py changed, reloading.
2021-10-06 16:20:02,849: INFO [/usr/lib/python3/dist-packages/django/utils/autoreload.py: run_with_reloader:597], django.utils.autoreload, autoreload, 6274, 140317108078400, Watching for file changes with StatReloader
2021-10-06 16:23:09,433: INFO [/home/kali/Projects/Python_Projects/justice_law_office_django/adversaires/views.py: justice_adversaires:111], adversaires.views, views, 6274, 140316917102336, Page list of 'Adversaires'.
2021-10-06 16:23:09,771: WARNING [/usr/lib/python3/dist-packages/django/utils/log.py: log_response:222], django.request, log, 6274, 140316917102336, Not Found: /adversaires/page/1/city/all/search/dist/images/profile-9.jpg
2021-10-06 16:23:12,787: ERROR [/usr/lib/python3/dist-packages/django/utils/log.py: log_response:222], django.request, log, 6274, 140316917102336, Internal Server Error: /avocats_charges/page/1/city/all/search/all-list
Traceback (most recent call last):
  File "/usr/lib/python3/dist-packages/django/db/backends/utils.py", line 84, in _execute
    return self.cursor.execute(sql, params)
psycopg2.errors.UndefinedTable: relation "avocatcharge" does not exist
LINE 1: SELECT COUNT(*) AS "__count" FROM "avocatcharge"
                                          ^


The above exception was the direct cause of the following exception:

Traceback (most recent call last):
  File "/usr/lib/python3/dist-packages/django/core/handlers/exception.py", line 34, in inner
    response = get_response(request)
  File "/usr/lib/python3/dist-packages/django/core/handlers/base.py", line 115, in _get_response
    response = self.process_exception_by_middleware(e, request)
  File "/usr/lib/python3/dist-packages/django/core/handlers/base.py", line 113, in _get_response
    response = wrapped_callback(request, *callback_args, **callback_kwargs)
  File "/home/kali/Projects/Python_Projects/justice_law_office_django/affaires/views.py", line 79, in justice_avocats_charges
    total = AvocatCharge.objects.all().count()
  File "/usr/lib/python3/dist-packages/django/db/models/query.py", line 392, in count
    return self.query.get_count(using=self.db)
  File "/usr/lib/python3/dist-packages/django/db/models/sql/query.py", line 504, in get_count
    number = obj.get_aggregation(using, ['__count'])['__count']
  File "/usr/lib/python3/dist-packages/django/db/models/sql/query.py", line 489, in get_aggregation
    result = compiler.execute_sql(SINGLE)
  File "/usr/lib/python3/dist-packages/django/db/models/sql/compiler.py", line 1142, in execute_sql
    cursor.execute(sql, params)
  File "/usr/lib/python3/dist-packages/django/db/backends/utils.py", line 99, in execute
    return super().execute(sql, params)
  File "/usr/lib/python3/dist-packages/django/db/backends/utils.py", line 67, in execute
    return self._execute_with_wrappers(sql, params, many=False, executor=self._execute)
  File "/usr/lib/python3/dist-packages/django/db/backends/utils.py", line 76, in _execute_with_wrappers
    return executor(sql, params, many, context)
  File "/usr/lib/python3/dist-packages/django/db/backends/utils.py", line 84, in _execute
    return self.cursor.execute(sql, params)
  File "/usr/lib/python3/dist-packages/django/db/utils.py", line 89, in __exit__
    raise dj_exc_value.with_traceback(traceback) from exc_value
  File "/usr/lib/python3/dist-packages/django/db/backends/utils.py", line 84, in _execute
    return self.cursor.execute(sql, params)
django.db.utils.ProgrammingError: relation "avocatcharge" does not exist
LINE 1: SELECT COUNT(*) AS "__count" FROM "avocatcharge"
                                          ^

2021-10-06 16:23:13,432: WARNING [/usr/lib/python3/dist-packages/django/utils/log.py: log_response:222], django.request, log, 6274, 140316917102336, Not Found: /favicon.ico
2021-10-06 16:24:01,646: ERROR [/usr/lib/python3/dist-packages/django/utils/log.py: log_response:222], django.request, log, 6274, 140316917102336, Internal Server Error: /avocats_charges/page/1/city/all/search/all-list
Traceback (most recent call last):
  File "/usr/lib/python3/dist-packages/django/core/handlers/exception.py", line 34, in inner
    response = get_response(request)
  File "/usr/lib/python3/dist-packages/django/core/handlers/base.py", line 115, in _get_response
    response = self.process_exception_by_middleware(e, request)
  File "/usr/lib/python3/dist-packages/django/core/handlers/base.py", line 113, in _get_response
    response = wrapped_callback(request, *callback_args, **callback_kwargs)
  File "/home/kali/Projects/Python_Projects/justice_law_office_django/affaires/views.py", line 80, in justice_avocats_charges
    avocats_charges = AvocatCharge.objects.annotate(
  File "/usr/lib/python3/dist-packages/django/db/models/manager.py", line 82, in manager_method
    return getattr(self.get_queryset(), name)(*args, **kwargs)
  File "/usr/lib/python3/dist-packages/django/db/models/query.py", line 1056, in annotate
    clone.query.add_annotation(annotation, alias, is_summary=False)
  File "/usr/lib/python3/dist-packages/django/db/models/sql/query.py", line 999, in add_annotation
    annotation = annotation.resolve_expression(self, allow_joins=True, reuse=None,
  File "/usr/lib/python3/dist-packages/django/contrib/postgres/search.py", line 62, in resolve_expression
    resolved = super().resolve_expression(query, allow_joins, reuse, summarize, for_save)
  File "/usr/lib/python3/dist-packages/django/db/models/expressions.py", line 603, in resolve_expression
    c.source_expressions[pos] = arg.resolve_expression(query, allow_joins, reuse, summarize, for_save)
  File "/usr/lib/python3/dist-packages/django/db/models/expressions.py", line 514, in resolve_expression
    return query.resolve_ref(self.name, allow_joins, reuse, summarize, simple_col)
  File "/usr/lib/python3/dist-packages/django/db/models/sql/query.py", line 1601, in resolve_ref
    join_info = self.setup_joins(field_list, self.get_meta(), self.get_initial_alias(), can_reuse=reuse)
  File "/usr/lib/python3/dist-packages/django/db/models/sql/query.py", line 1503, in setup_joins
    path, final_field, targets, rest = self.names_to_path(
  File "/usr/lib/python3/dist-packages/django/db/models/sql/query.py", line 1419, in names_to_path
    raise FieldError("Cannot resolve keyword '%s' into field. "
django.core.exceptions.FieldError: Cannot resolve keyword 'cabinet' into field. Choices are: adresse, created_at, email, gsm, id, nom, observation, prenom, sexe, slug, tel, updated_at, ville
2021-10-06 16:24:39,626: INFO [/usr/lib/python3/dist-packages/django/utils/autoreload.py: trigger_reload:217], django.utils.autoreload, autoreload, 6274, 140317108078400, /home/kali/Projects/Python_Projects/justice_law_office_django/affaires/views.py changed, reloading.
2021-10-06 16:24:40,991: INFO [/usr/lib/python3/dist-packages/django/utils/autoreload.py: run_with_reloader:597], django.utils.autoreload, autoreload, 6370, 140073481697088, Watching for file changes with StatReloader
2021-10-06 16:24:41,453: INFO [/home/kali/Projects/Python_Projects/justice_law_office_django/affaires/views.py: justice_avocats_charges:109], affaires.views, views, 6370, 140073365047040, Page list of Avocats charges.
2021-10-06 16:24:41,899: WARNING [/usr/lib/python3/dist-packages/django/utils/log.py: log_response:222], django.request, log, 6370, 140073365047040, Not Found: /avocats_charges/page/1/city/all/search/dist/images/profile-9.jpg
2021-10-06 16:24:46,642: INFO [/home/kali/Projects/Python_Projects/justice_law_office_django/affaires/views.py: justice_avocats_charges:109], affaires.views, views, 6370, 140073365047040, Page list of Avocats charges.
2021-10-06 16:24:46,847: WARNING [/usr/lib/python3/dist-packages/django/utils/log.py: log_response:222], django.request, log, 6370, 140073365047040, Not Found: /avocats_charges/page/1/city/all/search/dist/images/profile-9.jpg
2021-10-06 16:25:06,805: INFO [/home/kali/Projects/Python_Projects/justice_law_office_django/affaires/views.py: justice_avocats_charges:109], affaires.views, views, 6370, 140073365047040, Page list of Avocats charges.
2021-10-06 16:25:07,228: WARNING [/usr/lib/python3/dist-packages/django/utils/log.py: log_response:222], django.request, log, 6370, 140073365047040, Not Found: /avocats_charges/page/1/city/all/search/dist/images/profile-9.jpg
2021-10-06 16:26:13,649: INFO [/home/kali/Projects/Python_Projects/justice_law_office_django/affaires/views.py: justice_avocats_charges:109], affaires.views, views, 6370, 140073365047040, Page list of Avocats charges.
2021-10-06 16:26:13,981: WARNING [/usr/lib/python3/dist-packages/django/utils/log.py: log_response:222], django.request, log, 6370, 140073365047040, Not Found: /avocats_charges/page/1/city/all/search/dist/images/profile-9.jpg
2021-10-06 16:26:25,219: INFO [/home/kali/Projects/Python_Projects/justice_law_office_django/affaires/views.py: avocat_charge_form:175], affaires.views, views, 6370, 140073365047040, Page Creating of 'Avocat chargé'
2021-10-06 16:26:25,651: WARNING [/usr/lib/python3/dist-packages/django/utils/log.py: log_response:222], django.request, log, 6370, 140073365047040, Not Found: /avocats_charges/dist/images/profile-9.jpg
2021-10-06 16:27:41,329: INFO [/usr/lib/python3/dist-packages/django/utils/autoreload.py: trigger_reload:217], django.utils.autoreload, autoreload, 6370, 140073481697088, /home/kali/Projects/Python_Projects/justice_law_office_django/affaires/forms.py changed, reloading.
2021-10-06 16:27:42,590: INFO [/usr/lib/python3/dist-packages/django/utils/autoreload.py: run_with_reloader:597], django.utils.autoreload, autoreload, 6436, 139674016945984, Watching for file changes with StatReloader
2021-10-06 16:28:40,299: INFO [/usr/lib/python3/dist-packages/django/utils/autoreload.py: trigger_reload:217], django.utils.autoreload, autoreload, 6436, 139674016945984, /home/kali/Projects/Python_Projects/justice_law_office_django/affaires/forms.py changed, reloading.
2021-10-06 16:28:42,304: INFO [/usr/lib/python3/dist-packages/django/utils/autoreload.py: run_with_reloader:597], django.utils.autoreload, autoreload, 6461, 140597907162944, Watching for file changes with StatReloader
2021-10-06 16:28:48,538: INFO [/home/kali/Projects/Python_Projects/justice_law_office_django/affaires/views.py: avocat_charge_form:175], affaires.views, views, 6461, 140597789464320, Page Creating of 'Avocat chargé'
2021-10-06 16:28:48,850: WARNING [/usr/lib/python3/dist-packages/django/utils/log.py: log_response:222], django.request, log, 6461, 140597789464320, Not Found: /avocats_charges/dist/images/profile-9.jpg
2021-10-06 16:29:19,672: INFO [/home/kali/Projects/Python_Projects/justice_law_office_django/affaires/views.py: avocat_charge_form:175], affaires.views, views, 6461, 140597789464320, Page Creating of 'Avocat chargé'
2021-10-06 16:29:20,096: WARNING [/usr/lib/python3/dist-packages/django/utils/log.py: log_response:222], django.request, log, 6461, 140597789464320, Not Found: /avocats_charges/dist/images/profile-9.jpg
2021-10-06 16:31:38,118: INFO [/home/kali/Projects/Python_Projects/justice_law_office_django/affaires/views.py: avocat_charge_form:163], affaires.views, views, 6461, 140597789464320, 'OUADGHIRI Azzedine' Avocat chargé has been Created.
2021-10-06 16:31:38,215: INFO [/home/kali/Projects/Python_Projects/justice_law_office_django/affaires/views.py: justice_avocats_charges:109], affaires.views, views, 6461, 140597789464320, Page list of Avocats charges.
2021-10-06 16:31:38,550: WARNING [/usr/lib/python3/dist-packages/django/utils/log.py: log_response:222], django.request, log, 6461, 140597789464320, Not Found: /avocats_charges/page/1/city/all/search/dist/images/profile-9.jpg
2021-10-06 16:33:44,653: INFO [/usr/lib/python3/dist-packages/django/utils/autoreload.py: trigger_reload:217], django.utils.autoreload, autoreload, 6461, 140597907162944, /home/kali/Projects/Python_Projects/justice_law_office_django/affaires/models.py changed, reloading.
2021-10-06 16:33:45,914: INFO [/usr/lib/python3/dist-packages/django/utils/autoreload.py: run_with_reloader:597], django.utils.autoreload, autoreload, 6543, 139973288216384, Watching for file changes with StatReloader
2021-10-06 16:36:19,360: INFO [/usr/lib/python3/dist-packages/django/utils/autoreload.py: trigger_reload:217], django.utils.autoreload, autoreload, 6543, 139973288216384, /home/kali/Projects/Python_Projects/justice_law_office_django/affaires/forms.py changed, reloading.
2021-10-06 16:36:20,519: INFO [/usr/lib/python3/dist-packages/django/utils/autoreload.py: run_with_reloader:597], django.utils.autoreload, autoreload, 6589, 139692818102080, Watching for file changes with StatReloader
2021-10-06 16:36:42,977: INFO [/usr/lib/python3/dist-packages/django/utils/autoreload.py: trigger_reload:217], django.utils.autoreload, autoreload, 6589, 139692818102080, /home/kali/Projects/Python_Projects/justice_law_office_django/affaires/forms.py changed, reloading.
2021-10-06 16:36:44,979: INFO [/usr/lib/python3/dist-packages/django/utils/autoreload.py: run_with_reloader:597], django.utils.autoreload, autoreload, 6594, 140247104657216, Watching for file changes with StatReloader
2021-10-06 16:36:46,448: INFO [/home/kali/Projects/Python_Projects/justice_law_office_django/affaires/views.py: justice_avocats_charges:109], affaires.views, views, 6594, 140246920984320, Page list of Avocats charges.
2021-10-06 16:36:47,071: WARNING [/usr/lib/python3/dist-packages/django/utils/log.py: log_response:222], django.request, log, 6594, 140246920984320, Not Found: /avocats_charges/page/1/city/all/search/dist/images/profile-9.jpg
2021-10-06 16:36:48,972: INFO [/home/kali/Projects/Python_Projects/justice_law_office_django/affaires/views.py: avocat_charge_form:175], affaires.views, views, 6594, 140246920984320, Page Creating of 'Avocat chargé'
2021-10-06 16:36:49,256: WARNING [/usr/lib/python3/dist-packages/django/utils/log.py: log_response:222], django.request, log, 6594, 140246920984320, Not Found: /avocats_charges/dist/images/profile-9.jpg
2021-10-06 16:37:49,620: INFO [/home/kali/Projects/Python_Projects/justice_law_office_django/affaires/views.py: avocat_charge_form:163], affaires.views, views, 6594, 140246920984320, 'OUADGHIRI Mohamed amine' Avocat chargé has been Created.
2021-10-06 16:37:49,671: INFO [/home/kali/Projects/Python_Projects/justice_law_office_django/affaires/views.py: justice_avocats_charges:109], affaires.views, views, 6594, 140246920984320, Page list of Avocats charges.
2021-10-06 16:37:49,924: WARNING [/usr/lib/python3/dist-packages/django/utils/log.py: log_response:222], django.request, log, 6594, 140246920984320, Not Found: /avocats_charges/page/1/city/all/search/dist/images/profile-9.jpg
2021-10-06 16:37:54,641: INFO [/home/kali/Projects/Python_Projects/justice_law_office_django/affaires/views.py: avocat_charge_form:175], affaires.views, views, 6594, 140246920984320, Page Editing of 'Avocat chargé'
2021-10-06 16:37:54,944: WARNING [/usr/lib/python3/dist-packages/django/utils/log.py: log_response:222], django.request, log, 6594, 140246920984320, Not Found: /avocats_charges/1/dist/images/profile-9.jpg
2021-10-06 16:38:23,619: INFO [/home/kali/Projects/Python_Projects/justice_law_office_django/affaires/views.py: avocat_charge_form:163], affaires.views, views, 6594, 140246920984320, 'OUADGHIRI Mohamed' Avocat chargé has been Updated.
2021-10-06 16:38:23,667: INFO [/home/kali/Projects/Python_Projects/justice_law_office_django/affaires/views.py: justice_avocats_charges:109], affaires.views, views, 6594, 140246920984320, Page list of Avocats charges.
2021-10-06 16:38:23,821: WARNING [/usr/lib/python3/dist-packages/django/utils/log.py: log_response:222], django.request, log, 6594, 140246920984320, Not Found: /avocats_charges/page/1/city/all/search/dist/images/profile-9.jpg
2021-10-06 16:38:28,322: INFO [/home/kali/Projects/Python_Projects/justice_law_office_django/affaires/views.py: avocat_charge_form:175], affaires.views, views, 6594, 140246920984320, Page Editing of 'Avocat chargé'
2021-10-06 16:38:28,647: WARNING [/usr/lib/python3/dist-packages/django/utils/log.py: log_response:222], django.request, log, 6594, 140246920984320, Not Found: /avocats_charges/1/dist/images/profile-9.jpg
2021-10-06 16:39:02,473: INFO [/home/kali/Projects/Python_Projects/justice_law_office_django/affaires/views.py: avocat_charge_form:163], affaires.views, views, 6594, 140246920984320, 'OUADGHIRI Mohamed amine' Avocat chargé has been Updated.
2021-10-06 16:39:02,525: INFO [/home/kali/Projects/Python_Projects/justice_law_office_django/affaires/views.py: justice_avocats_charges:109], affaires.views, views, 6594, 140246920984320, Page list of Avocats charges.
2021-10-06 16:39:02,800: WARNING [/usr/lib/python3/dist-packages/django/utils/log.py: log_response:222], django.request, log, 6594, 140246920984320, Not Found: /avocats_charges/page/1/city/all/search/dist/images/profile-9.jpg
2021-10-06 16:39:05,755: INFO [/home/kali/Projects/Python_Projects/justice_law_office_django/affaires/views.py: avocat_charge_form:175], affaires.views, views, 6594, 140246920984320, Page Creating of 'Avocat chargé'
2021-10-06 16:39:06,003: WARNING [/usr/lib/python3/dist-packages/django/utils/log.py: log_response:222], django.request, log, 6594, 140246920984320, Not Found: /avocats_charges/dist/images/profile-9.jpg
2021-10-06 16:39:09,702: INFO [/home/kali/Projects/Python_Projects/justice_law_office_django/affaires/views.py: avocat_charge_form:163], affaires.views, views, 6594, 140246920984320, 'GAYL Nabil' Avocat chargé has been Created.
2021-10-06 16:39:09,750: INFO [/home/kali/Projects/Python_Projects/justice_law_office_django/affaires/views.py: justice_avocats_charges:109], affaires.views, views, 6594, 140246909445888, Page list of Avocats charges.
2021-10-06 16:39:09,960: WARNING [/usr/lib/python3/dist-packages/django/utils/log.py: log_response:222], django.request, log, 6594, 140246909445888, Not Found: /avocats_charges/page/1/city/all/search/dist/images/profile-9.jpg
2021-10-06 16:39:15,486: INFO [/home/kali/Projects/Python_Projects/justice_law_office_django/affaires/views.py: justice_avocats_charges:109], affaires.views, views, 6594, 140246909445888, Page list of Avocats charges.
2021-10-06 16:39:15,668: WARNING [/usr/lib/python3/dist-packages/django/utils/log.py: log_response:222], django.request, log, 6594, 140246909445888, Not Found: /avocats_charges/page/1/city/all/search/dist/images/profile-9.jpg
2021-10-06 16:39:20,847: INFO [/home/kali/Projects/Python_Projects/justice_law_office_django/affaires/views.py: justice_avocats_charges:109], affaires.views, views, 6594, 140246909445888, Page list of Avocats charges.
2021-10-06 16:39:21,034: WARNING [/usr/lib/python3/dist-packages/django/utils/log.py: log_response:222], django.request, log, 6594, 140246909445888, Not Found: /avocats_charges/page/1/city/all/search/dist/images/profile-9.jpg
2021-10-06 16:41:03,159: INFO [/home/kali/Projects/Python_Projects/justice_law_office_django/affaires/views.py: justice_avocats_charges:109], affaires.views, views, 6594, 140246909445888, Page list of Avocats charges.
2021-10-06 16:41:03,428: WARNING [/usr/lib/python3/dist-packages/django/utils/log.py: log_response:222], django.request, log, 6594, 140246909445888, Not Found: /avocats_charges/page/1/city/all/search/dist/images/profile-9.jpg
2021-10-06 16:41:15,098: INFO [/home/kali/Projects/Python_Projects/justice_law_office_django/affaires/views.py: avocat_charge_delete:188], affaires.views, views, 6594, 140246909445888, Avocat chargé 'GAYL Nabil' has been deleted successfully.
2021-10-06 16:41:15,163: INFO [/home/kali/Projects/Python_Projects/justice_law_office_django/affaires/views.py: justice_avocats_charges:109], affaires.views, views, 6594, 140246909445888, Page list of Avocats charges.
2021-10-06 16:41:15,417: WARNING [/usr/lib/python3/dist-packages/django/utils/log.py: log_response:222], django.request, log, 6594, 140246909445888, Not Found: /avocats_charges/page/1/city/all/search/dist/images/profile-9.jpg
2021-10-06 16:41:29,626: INFO [/home/kali/Projects/Python_Projects/justice_law_office_django/affaires/views.py: justice_avocats_charges:109], affaires.views, views, 6594, 140246909445888, Page list of Avocats charges.
2021-10-06 16:41:29,827: WARNING [/usr/lib/python3/dist-packages/django/utils/log.py: log_response:222], django.request, log, 6594, 140246909445888, Not Found: /avocats_charges/page/1/city/all/search/dist/images/profile-9.jpg
2021-10-06 16:42:29,236: INFO [/home/kali/Projects/Python_Projects/justice_law_office_django/adversaires/views.py: justice_adversaires:111], adversaires.views, views, 6594, 140246909445888, Page list of 'Adversaires'.
2021-10-06 16:42:29,510: WARNING [/usr/lib/python3/dist-packages/django/utils/log.py: log_response:222], django.request, log, 6594, 140246909445888, Not Found: /adversaires/page/1/city/all/search/dist/images/profile-9.jpg
2021-10-06 16:42:32,153: INFO [/home/kali/Projects/Python_Projects/justice_law_office_django/adversaires/views.py: justice_adversaires:111], adversaires.views, views, 6594, 140246909445888, Page list of 'Adversaires'.
2021-10-06 16:42:32,360: WARNING [/usr/lib/python3/dist-packages/django/utils/log.py: log_response:222], django.request, log, 6594, 140246909445888, Not Found: /adversaires/page/1/city/all/search/dist/images/profile-9.jpg
2021-10-06 16:42:40,632: INFO [/home/kali/Projects/Python_Projects/justice_law_office_django/affaires/views.py: justice_avocats_charges:109], affaires.views, views, 6594, 140246909445888, Page list of Avocats charges.
2021-10-06 16:42:40,751: WARNING [/usr/lib/python3/dist-packages/django/utils/log.py: log_response:222], django.request, log, 6594, 140246909445888, Not Found: /avocats_charges/page/1/city/all/search/dist/images/profile-9.jpg
2021-10-06 16:44:01,289: INFO [/home/kali/Projects/Python_Projects/justice_law_office_django/affaires/views.py: justice_avocats_charges:109], affaires.views, views, 6594, 140246909445888, Page list of Avocats charges.
2021-10-06 16:44:01,420: WARNING [/usr/lib/python3/dist-packages/django/utils/log.py: log_response:222], django.request, log, 6594, 140246909445888, Not Found: /avocats_charges/page/1/city/all/search/dist/images/profile-9.jpg
2021-10-06 16:44:06,979: INFO [/home/kali/Projects/Python_Projects/justice_law_office_django/adversaires/views.py: justice_adversaires:111], adversaires.views, views, 6594, 140246909445888, Page list of 'Adversaires'.
2021-10-06 16:44:07,160: WARNING [/usr/lib/python3/dist-packages/django/utils/log.py: log_response:222], django.request, log, 6594, 140246909445888, Not Found: /adversaires/page/1/city/all/search/dist/images/profile-9.jpg
2021-10-06 16:44:11,079: INFO [/home/kali/Projects/Python_Projects/justice_law_office_django/affaires/views.py: justice_avocats_charges:109], affaires.views, views, 6594, 140246909445888, Page list of Avocats charges.
2021-10-06 16:44:11,259: WARNING [/usr/lib/python3/dist-packages/django/utils/log.py: log_response:222], django.request, log, 6594, 140246909445888, Not Found: /avocats_charges/page/1/city/all/search/dist/images/profile-9.jpg
2021-10-06 16:53:48,492: INFO [/home/kali/Projects/Python_Projects/justice_law_office_django/adversaires/views.py: justice_avocats_adversaires:280], adversaires.views, views, 6594, 140246909445888, Page list of Avocats adversaires.
2021-10-06 16:53:48,706: WARNING [/usr/lib/python3/dist-packages/django/utils/log.py: log_response:222], django.request, log, 6594, 140246909445888, Not Found: /avocats_adversaires/page/1/city/all/search/dist/images/profile-9.jpg
2021-10-06 16:53:51,555: INFO [/home/kali/Projects/Python_Projects/justice_law_office_django/adversaires/views.py: justice_avocats_adversaires:280], adversaires.views, views, 6594, 140246909445888, Page list of Avocats adversaires.
2021-10-06 16:53:51,660: WARNING [/usr/lib/python3/dist-packages/django/utils/log.py: log_response:222], django.request, log, 6594, 140246909445888, Not Found: /avocats_adversaires/page/1/city/all/search/dist/images/profile-9.jpg
2021-10-06 16:53:55,434: INFO [/home/kali/Projects/Python_Projects/justice_law_office_django/adversaires/views.py: adversaire_form:173], adversaires.views, views, 6594, 140246909445888, Page Creating of 'Adversaire'
2021-10-06 16:53:55,652: WARNING [/usr/lib/python3/dist-packages/django/utils/log.py: log_response:222], django.request, log, 6594, 140246909445888, Not Found: /adversaires/3/dist/images/profile-9.jpg
2021-10-06 16:54:02,226: INFO [/home/kali/Projects/Python_Projects/justice_law_office_django/adversaires/views.py: justice_avocats_adversaires:280], adversaires.views, views, 6594, 140246909445888, Page list of Avocats adversaires.
2021-10-06 16:54:02,410: WARNING [/usr/lib/python3/dist-packages/django/utils/log.py: log_response:222], django.request, log, 6594, 140246909445888, Not Found: /avocats_adversaires/page/1/city/all/search/dist/images/profile-9.jpg
2021-10-06 16:58:10,242: INFO [/home/kali/Projects/Python_Projects/justice_law_office_django/adversaires/views.py: justice_adversaires:111], adversaires.views, views, 6594, 140246909445888, Page list of 'Adversaires'.
2021-10-06 16:58:10,539: WARNING [/usr/lib/python3/dist-packages/django/utils/log.py: log_response:222], django.request, log, 6594, 140246909445888, Not Found: /adversaires/page/1/city/all/search/dist/images/profile-9.jpg
2021-10-06 16:58:13,348: INFO [/home/kali/Projects/Python_Projects/justice_law_office_django/adversaires/views.py: justice_avocats_adversaires:280], adversaires.views, views, 6594, 140246909445888, Page list of Avocats adversaires.
2021-10-06 16:58:13,580: WARNING [/usr/lib/python3/dist-packages/django/utils/log.py: log_response:222], django.request, log, 6594, 140246909445888, Not Found: /avocats_adversaires/page/1/city/all/search/dist/images/profile-9.jpg
2021-10-06 16:58:15,639: INFO [/home/kali/Projects/Python_Projects/justice_law_office_django/adversaires/views.py: adversaire_form:173], adversaires.views, views, 6594, 140246909445888, Page Creating of 'Adversaire'
2021-10-06 16:58:15,854: WARNING [/usr/lib/python3/dist-packages/django/utils/log.py: log_response:222], django.request, log, 6594, 140246909445888, Not Found: /adversaires/3/dist/images/profile-9.jpg
2021-10-06 16:58:32,426: INFO [/home/kali/Projects/Python_Projects/justice_law_office_django/adversaires/views.py: justice_adversaires:111], adversaires.views, views, 6594, 140246909445888, Page list of 'Adversaires'.
2021-10-06 16:58:32,703: WARNING [/usr/lib/python3/dist-packages/django/utils/log.py: log_response:222], django.request, log, 6594, 140246909445888, Not Found: /adversaires/page/1/city/all/search/dist/images/profile-9.jpg
2021-10-06 16:58:37,139: INFO [/home/kali/Projects/Python_Projects/justice_law_office_django/adversaires/views.py: adversaire_form:173], adversaires.views, views, 6594, 140246909445888, Page Creating of 'Adversaire'
2021-10-06 16:58:37,433: WARNING [/usr/lib/python3/dist-packages/django/utils/log.py: log_response:222], django.request, log, 6594, 140246909445888, Not Found: /adversaires/1/dist/images/profile-9.jpg
2021-10-06 16:58:41,253: INFO [/home/kali/Projects/Python_Projects/justice_law_office_django/adversaires/views.py: justice_avocats_adversaires:280], adversaires.views, views, 6594, 140246909445888, Page list of Avocats adversaires.
2021-10-06 16:58:41,434: WARNING [/usr/lib/python3/dist-packages/django/utils/log.py: log_response:222], django.request, log, 6594, 140246909445888, Not Found: /avocats_adversaires/page/1/city/all/search/dist/images/profile-9.jpg
2021-10-06 16:58:43,910: INFO [/home/kali/Projects/Python_Projects/justice_law_office_django/adversaires/views.py: adversaire_form:173], adversaires.views, views, 6594, 140246909445888, Page Creating of 'Adversaire'
2021-10-06 16:58:44,144: WARNING [/usr/lib/python3/dist-packages/django/utils/log.py: log_response:222], django.request, log, 6594, 140246909445888, Not Found: /adversaires/3/dist/images/profile-9.jpg
2021-10-06 16:59:04,133: INFO [/home/kali/Projects/Python_Projects/justice_law_office_django/adversaires/views.py: justice_avocats_adversaires:280], adversaires.views, views, 6594, 140246909445888, Page list of Avocats adversaires.
2021-10-06 16:59:04,435: WARNING [/usr/lib/python3/dist-packages/django/utils/log.py: log_response:222], django.request, log, 6594, 140246909445888, Not Found: /avocats_adversaires/page/1/city/all/search/dist/images/profile-9.jpg
2021-10-06 16:59:07,347: INFO [/home/kali/Projects/Python_Projects/justice_law_office_django/adversaires/views.py: avocat_adversaire_form:348], adversaires.views, views, 6594, 140246909445888, Page Editing of 'Avocat Adversaire'
2021-10-06 16:59:07,586: WARNING [/usr/lib/python3/dist-packages/django/utils/log.py: log_response:222], django.request, log, 6594, 140246909445888, Not Found: /avocats_adversaires/1/dist/images/profile-9.jpg
2021-10-06 16:59:11,917: INFO [/home/kali/Projects/Python_Projects/justice_law_office_django/adversaires/views.py: justice_adversaires:111], adversaires.views, views, 6594, 140246909445888, Page list of 'Adversaires'.
2021-10-06 16:59:12,124: WARNING [/usr/lib/python3/dist-packages/django/utils/log.py: log_response:222], django.request, log, 6594, 140246909445888, Not Found: /adversaires/page/1/city/all/search/dist/images/profile-9.jpg
2021-10-06 16:59:14,575: INFO [/home/kali/Projects/Python_Projects/justice_law_office_django/adversaires/views.py: adversaire_form:173], adversaires.views, views, 6594, 140246909445888, Page Creating of 'Adversaire'
2021-10-06 16:59:14,791: WARNING [/usr/lib/python3/dist-packages/django/utils/log.py: log_response:222], django.request, log, 6594, 140246909445888, Not Found: /adversaires/1/dist/images/profile-9.jpg
2021-10-06 17:02:50,707: INFO [/usr/lib/python3/dist-packages/django/utils/autoreload.py: trigger_reload:217], django.utils.autoreload, autoreload, 6594, 140247104657216, /home/kali/Projects/Python_Projects/justice_law_office_django/adversaires/views.py changed, reloading.
2021-10-06 17:02:52,184: INFO [/usr/lib/python3/dist-packages/django/utils/autoreload.py: run_with_reloader:597], django.utils.autoreload, autoreload, 6957, 139825929918272, Watching for file changes with StatReloader
2021-10-06 17:02:53,904: INFO [/home/kali/Projects/Python_Projects/justice_law_office_django/adversaires/views.py: justice_adversaires:111], adversaires.views, views, 6957, 139825744967424, Page list of 'Adversaires'.
2021-10-06 17:02:54,170: WARNING [/usr/lib/python3/dist-packages/django/utils/log.py: log_response:222], django.request, log, 6957, 139825744967424, Not Found: /adversaires/page/1/city/all/search/dist/images/profile-9.jpg
2021-10-06 17:02:57,251: INFO [/home/kali/Projects/Python_Projects/justice_law_office_django/adversaires/views.py: adversaire_form:173], adversaires.views, views, 6957, 139825744967424, Page Creating of 'Adversaire'
2021-10-06 17:02:57,403: WARNING [/usr/lib/python3/dist-packages/django/utils/log.py: log_response:222], django.request, log, 6957, 139825744967424, Not Found: /adversaires/1/dist/images/profile-9.jpg
2021-10-06 17:03:04,966: INFO [/home/kali/Projects/Python_Projects/justice_law_office_django/adversaires/views.py: justice_adversaires:111], adversaires.views, views, 6957, 139825744967424, Page list of 'Adversaires'.
2021-10-06 17:03:05,077: WARNING [/usr/lib/python3/dist-packages/django/utils/log.py: log_response:222], django.request, log, 6957, 139825744967424, Not Found: /adversaires/page/1/city/all/search/dist/images/profile-9.jpg
2021-10-06 17:03:06,398: INFO [/home/kali/Projects/Python_Projects/justice_law_office_django/adversaires/views.py: justice_avocats_adversaires:280], adversaires.views, views, 6957, 139825744967424, Page list of Avocats adversaires.
2021-10-06 17:03:06,509: WARNING [/usr/lib/python3/dist-packages/django/utils/log.py: log_response:222], django.request, log, 6957, 139825744967424, Not Found: /avocats_adversaires/page/1/city/all/search/dist/images/profile-9.jpg
2021-10-06 17:03:11,781: INFO [/home/kali/Projects/Python_Projects/justice_law_office_django/adversaires/views.py: justice_adversaires:111], adversaires.views, views, 6957, 139825744967424, Page list of 'Adversaires'.
2021-10-06 17:03:11,886: WARNING [/usr/lib/python3/dist-packages/django/utils/log.py: log_response:222], django.request, log, 6957, 139825744967424, Not Found: /adversaires/page/1/city/all/search/dist/images/profile-9.jpg
2021-10-06 17:03:14,989: INFO [/home/kali/Projects/Python_Projects/justice_law_office_django/adversaires/views.py: justice_avocats_adversaires:280], adversaires.views, views, 6957, 139825744967424, Page list of Avocats adversaires.
2021-10-06 17:03:15,107: WARNING [/usr/lib/python3/dist-packages/django/utils/log.py: log_response:222], django.request, log, 6957, 139825744967424, Not Found: /avocats_adversaires/page/1/city/all/search/dist/images/profile-9.jpg
2021-10-06 17:06:42,702: INFO [/usr/lib/python3/dist-packages/django/utils/autoreload.py: trigger_reload:217], django.utils.autoreload, autoreload, 6957, 139825929918272, /home/kali/Projects/Python_Projects/justice_law_office_django/adversaires/views.py changed, reloading.
2021-10-06 17:06:43,886: INFO [/usr/lib/python3/dist-packages/django/utils/autoreload.py: run_with_reloader:597], django.utils.autoreload, autoreload, 7031, 140479734081344, Watching for file changes with StatReloader
2021-10-06 17:07:07,793: INFO [/home/kali/Projects/Python_Projects/justice_law_office_django/clients/views.py: justice_clients_all:45], clients.views, views, 7031, 140479616382720, Getting Clients Page...
2021-10-06 17:07:07,834: INFO [/home/kali/Projects/Python_Projects/justice_law_office_django/clients/views.py: justice_clients:113], clients.views, views, 7031, 140479616382720, Page list of 'Clients'.
2021-10-06 17:07:08,024: WARNING [/usr/lib/python3/dist-packages/django/utils/log.py: log_response:222], django.request, log, 7031, 140479616382720, Not Found: /clients/page/1/city/all/search/dist/images/profile-9.jpg
2021-10-06 17:07:12,816: INFO [/home/kali/Projects/Python_Projects/justice_law_office_django/adversaires/views.py: justice_adversaires:111], adversaires.views, views, 7031, 140479616382720, Page list of 'Adversaires'.
2021-10-06 17:07:12,973: WARNING [/usr/lib/python3/dist-packages/django/utils/log.py: log_response:222], django.request, log, 7031, 140479616382720, Not Found: /adversaires/page/1/city/all/search/dist/images/profile-9.jpg
2021-10-06 17:07:14,446: INFO [/home/kali/Projects/Python_Projects/justice_law_office_django/adversaires/views.py: justice_adversaires:111], adversaires.views, views, 7031, 140479616382720, Page list of 'Adversaires'.
2021-10-06 17:07:14,545: WARNING [/usr/lib/python3/dist-packages/django/utils/log.py: log_response:222], django.request, log, 7031, 140479616382720, Not Found: /adversaires/page/1/city/all/search/dist/images/profile-9.jpg
2021-10-06 17:07:16,073: INFO [/home/kali/Projects/Python_Projects/justice_law_office_django/adversaires/views.py: justice_avocats_adversaires:280], adversaires.views, views, 7031, 140479616382720, Page list of Avocats adversaires.
2021-10-06 17:07:16,187: WARNING [/usr/lib/python3/dist-packages/django/utils/log.py: log_response:222], django.request, log, 7031, 140479616382720, Not Found: /avocats_adversaires/page/1/city/all/search/dist/images/profile-9.jpg
2021-10-06 17:09:15,802: INFO [/usr/lib/python3/dist-packages/django/utils/autoreload.py: trigger_reload:217], django.utils.autoreload, autoreload, 7031, 140479734081344, /home/kali/Projects/Python_Projects/justice_law_office_django/adversaires/views.py changed, reloading.
2021-10-06 17:09:17,165: INFO [/usr/lib/python3/dist-packages/django/utils/autoreload.py: run_with_reloader:597], django.utils.autoreload, autoreload, 7130, 139815811610432, Watching for file changes with StatReloader
2021-10-06 17:09:52,691: INFO [/usr/lib/python3/dist-packages/django/utils/autoreload.py: trigger_reload:217], django.utils.autoreload, autoreload, 7130, 139815811610432, /home/kali/Projects/Python_Projects/justice_law_office_django/clients/views.py changed, reloading.
2021-10-06 17:09:53,964: INFO [/usr/lib/python3/dist-packages/django/utils/autoreload.py: run_with_reloader:597], django.utils.autoreload, autoreload, 7152, 140521862694720, Watching for file changes with StatReloader
2021-10-06 17:10:52,590: INFO [/usr/lib/python3/dist-packages/django/utils/autoreload.py: trigger_reload:217], django.utils.autoreload, autoreload, 7152, 140521862694720, /home/kali/Projects/Python_Projects/justice_law_office_django/affaires/views.py changed, reloading.
2021-10-06 17:10:53,731: INFO [/usr/lib/python3/dist-packages/django/utils/autoreload.py: run_with_reloader:597], django.utils.autoreload, autoreload, 7168, 140211963795264, Watching for file changes with StatReloader
2021-10-06 17:11:50,951: INFO [/usr/lib/python3/dist-packages/django/utils/autoreload.py: trigger_reload:217], django.utils.autoreload, autoreload, 7168, 140211963795264, /home/kali/Projects/Python_Projects/justice_law_office_django/affaires/views.py changed, reloading.
2021-10-06 17:11:52,285: INFO [/usr/lib/python3/dist-packages/django/utils/autoreload.py: run_with_reloader:597], django.utils.autoreload, autoreload, 7193, 140065781180224, Watching for file changes with StatReloader
2021-10-06 17:12:10,472: INFO [/home/kali/Projects/Python_Projects/justice_law_office_django/adversaires/views.py: justice_avocats_adversaires:283], adversaires.views, views, 7193, 140065594406656, Page list of Avocats adversaires.
2021-10-06 17:12:10,652: WARNING [/usr/lib/python3/dist-packages/django/utils/log.py: log_response:222], django.request, log, 7193, 140065594406656, Not Found: /avocats_adversaires/page/1/city/all/search/dist/images/profile-9.jpg
2021-10-06 17:13:36,216: INFO [/home/kali/Projects/Python_Projects/justice_law_office_django/clients/views.py: justice_clients_all:44], clients.views, views, 7193, 140065594406656, Getting Clients Page...
2021-10-06 17:13:36,280: INFO [/home/kali/Projects/Python_Projects/justice_law_office_django/clients/views.py: justice_clients:113], clients.views, views, 7193, 140065594406656, Page list of 'Clients'.
2021-10-06 17:13:36,535: WARNING [/usr/lib/python3/dist-packages/django/utils/log.py: log_response:222], django.request, log, 7193, 140065594406656, Not Found: /clients/page/1/city/all/search/dist/images/profile-9.jpg
2021-10-06 17:13:38,479: INFO [/home/kali/Projects/Python_Projects/justice_law_office_django/adversaires/views.py: justice_adversaires:112], adversaires.views, views, 7193, 140065594406656, Page list of 'Adversaires'.
2021-10-06 17:13:38,671: WARNING [/usr/lib/python3/dist-packages/django/utils/log.py: log_response:222], django.request, log, 7193, 140065594406656, Not Found: /adversaires/page/1/city/all/search/dist/images/profile-9.jpg
2021-10-06 17:13:40,240: INFO [/home/kali/Projects/Python_Projects/justice_law_office_django/adversaires/views.py: justice_avocats_adversaires:283], adversaires.views, views, 7193, 140065586013952, Page list of Avocats adversaires.
2021-10-06 17:13:40,456: WARNING [/usr/lib/python3/dist-packages/django/utils/log.py: log_response:222], django.request, log, 7193, 140065586013952, Not Found: /avocats_adversaires/page/1/city/all/search/dist/images/profile-9.jpg
2021-10-06 17:13:42,840: INFO [/home/kali/Projects/Python_Projects/justice_law_office_django/affaires/views.py: justice_avocats_charges:110], affaires.views, views, 7193, 140065586013952, Page list of Avocats charges.
2021-10-06 17:13:42,999: WARNING [/usr/lib/python3/dist-packages/django/utils/log.py: log_response:222], django.request, log, 7193, 140065586013952, Not Found: /avocats_charges/page/1/city/all/search/dist/images/profile-9.jpg
2021-10-06 17:13:44,870: INFO [/home/kali/Projects/Python_Projects/justice_law_office_django/clients/views.py: justice_clients_all:44], clients.views, views, 7193, 140065586013952, Getting Clients Page...
2021-10-06 17:13:44,900: INFO [/home/kali/Projects/Python_Projects/justice_law_office_django/clients/views.py: justice_clients:113], clients.views, views, 7193, 140065586013952, Page list of 'Clients'.
2021-10-06 17:13:45,069: WARNING [/usr/lib/python3/dist-packages/django/utils/log.py: log_response:222], django.request, log, 7193, 140065586013952, Not Found: /clients/page/1/city/all/search/dist/images/profile-9.jpg
2021-10-06 17:14:18,862: INFO [/home/kali/Projects/Python_Projects/justice_law_office_django/clients/views.py: justice_clients:113], clients.views, views, 7193, 140065586013952, Page list of 'Clients'.
2021-10-06 17:14:19,145: WARNING [/usr/lib/python3/dist-packages/django/utils/log.py: log_response:222], django.request, log, 7193, 140065586013952, Not Found: /clients/page/1/city/all/search/dist/images/profile-9.jpg
2021-10-06 17:14:21,566: INFO [/home/kali/Projects/Python_Projects/justice_law_office_django/clients/views.py: justice_clients_all:44], clients.views, views, 7193, 140065586013952, Getting Clients Page...
2021-10-06 17:14:21,621: INFO [/home/kali/Projects/Python_Projects/justice_law_office_django/clients/views.py: justice_clients:113], clients.views, views, 7193, 140065586013952, Page list of 'Clients'.
2021-10-06 17:14:21,858: WARNING [/usr/lib/python3/dist-packages/django/utils/log.py: log_response:222], django.request, log, 7193, 140065586013952, Not Found: /clients/page/1/city/all/search/dist/images/profile-9.jpg
2021-10-06 17:14:23,236: INFO [/home/kali/Projects/Python_Projects/justice_law_office_django/adversaires/views.py: justice_adversaires:112], adversaires.views, views, 7193, 140065586013952, Page list of 'Adversaires'.
2021-10-06 17:14:23,435: WARNING [/usr/lib/python3/dist-packages/django/utils/log.py: log_response:222], django.request, log, 7193, 140065586013952, Not Found: /adversaires/page/1/city/all/search/dist/images/profile-9.jpg
2021-10-06 17:14:25,400: INFO [/home/kali/Projects/Python_Projects/justice_law_office_django/adversaires/views.py: adversaire_form:175], adversaires.views, views, 7193, 140065586013952, Page Creating of 'Adversaire'
2021-10-06 17:14:25,627: WARNING [/usr/lib/python3/dist-packages/django/utils/log.py: log_response:222], django.request, log, 7193, 140065586013952, Not Found: /adversaires/1/dist/images/profile-9.jpg
2021-10-06 17:14:27,023: INFO [/home/kali/Projects/Python_Projects/justice_law_office_django/adversaires/views.py: justice_adversaires:112], adversaires.views, views, 7193, 140065586013952, Page list of 'Adversaires'.
2021-10-06 17:14:27,210: WARNING [/usr/lib/python3/dist-packages/django/utils/log.py: log_response:222], django.request, log, 7193, 140065586013952, Not Found: /adversaires/page/1/city/all/search/dist/images/profile-9.jpg
2021-10-06 17:14:28,568: INFO [/home/kali/Projects/Python_Projects/justice_law_office_django/adversaires/views.py: justice_avocats_adversaires:283], adversaires.views, views, 7193, 140065586013952, Page list of Avocats adversaires.
2021-10-06 17:14:28,762: WARNING [/usr/lib/python3/dist-packages/django/utils/log.py: log_response:222], django.request, log, 7193, 140065586013952, Not Found: /avocats_adversaires/page/1/city/all/search/dist/images/profile-9.jpg
2021-10-06 17:14:30,844: INFO [/home/kali/Projects/Python_Projects/justice_law_office_django/adversaires/views.py: avocat_adversaire_form:352], adversaires.views, views, 7193, 140065586013952, Page Editing of 'Avocat Adversaire'
2021-10-06 17:14:31,074: WARNING [/usr/lib/python3/dist-packages/django/utils/log.py: log_response:222], django.request, log, 7193, 140065586013952, Not Found: /avocats_adversaires/3/dist/images/profile-9.jpg
2021-10-06 17:14:32,899: INFO [/home/kali/Projects/Python_Projects/justice_law_office_django/adversaires/views.py: justice_avocats_adversaires:283], adversaires.views, views, 7193, 140065586013952, Page list of Avocats adversaires.
2021-10-06 17:14:33,093: WARNING [/usr/lib/python3/dist-packages/django/utils/log.py: log_response:222], django.request, log, 7193, 140065586013952, Not Found: /avocats_adversaires/page/1/city/all/search/dist/images/profile-9.jpg
2021-10-06 17:14:37,336: INFO [/home/kali/Projects/Python_Projects/justice_law_office_django/affaires/views.py: justice_avocats_charges:110], affaires.views, views, 7193, 140065586013952, Page list of Avocats charges.
2021-10-06 17:14:37,539: WARNING [/usr/lib/python3/dist-packages/django/utils/log.py: log_response:222], django.request, log, 7193, 140065586013952, Not Found: /avocats_charges/page/1/city/all/search/dist/images/profile-9.jpg
2021-10-06 17:14:40,672: INFO [/home/kali/Projects/Python_Projects/justice_law_office_django/affaires/views.py: avocat_charge_form:177], affaires.views, views, 7193, 140065586013952, Page Editing of 'Avocat chargé'
2021-10-06 17:14:40,896: WARNING [/usr/lib/python3/dist-packages/django/utils/log.py: log_response:222], django.request, log, 7193, 140065586013952, Not Found: /avocats_charges/1/dist/images/profile-9.jpg
2021-10-06 17:14:53,184: INFO [/home/kali/Projects/Python_Projects/justice_law_office_django/affaires/views.py: justice_avocats_charges:110], affaires.views, views, 7193, 140065586013952, Page list of Avocats charges.
2021-10-06 17:14:53,422: WARNING [/usr/lib/python3/dist-packages/django/utils/log.py: log_response:222], django.request, log, 7193, 140065586013952, Not Found: /avocats_charges/page/1/city/all/search/dist/images/profile-9.jpg
