2020-02-12 10:53:28.305702 => Begin Cron Download... 
Attendance Array Length : 14  
Skip : 1
line pass : 0
2020-02-12 10:53:28.726637 => Download complet.
****************************************************************
2020-02-12 10:54:17.547875 => Begin Cron Download... 
Attendance Array Length : 14  
Skip : 1
line pass : 0
2020-02-12 10:54:17.947799 => Download complet.
****************************************************************
2020-02-12 11:04:24.461652 => Begin Cron Download... 
Attendance Array Length : 14  
Skip : 1
line pass : 0
2020-02-12 11:04:24.913272 => Download complet.
****************************************************************
2020-02-12 16:28:19.085515 => Begin Cron Download... 
Attendance Array Length : 14  
Skip : 1
line pass : 0
2020-02-12 16:28:19.471979 => Download complet.
****************************************************************
2020-02-12 16:46:14.851699 => Begin Cron Download... 
Attendance Array Length : 14  
Skip : 1
line pass : 0
2020-02-12 16:46:15.271954 => Download complet.
****************************************************************
2020-02-12 16:47:57.824105 => Begin Cron Download... 
Attendance Array Length : 14  
Skip : 1
line pass : 0
2020-02-12 16:47:58.224449 => Download complet.
****************************************************************
